[debug] [2022-09-29T21:15:45.023Z] ----------------------------------------------------------------------
[debug] [2022-09-29T21:15:45.024Z] Command:       /usr/local/bin/node /usr/local/bin/firebase init
[debug] [2022-09-29T21:15:45.025Z] CLI Version:   11.12.0
[debug] [2022-09-29T21:15:45.025Z] Platform:      darwin
[debug] [2022-09-29T21:15:45.025Z] Node Version:  v16.17.0
[debug] [2022-09-29T21:15:45.026Z] Time:          Thu Sep 29 2022 17:15:45 GMT-0400 (Eastern Daylight Time)
[debug] [2022-09-29T21:15:45.026Z] ----------------------------------------------------------------------
[debug] 
[debug] [2022-09-29T21:15:45.031Z] > command requires scopes: ["email","openid","https://www.googleapis.com/auth/cloudplatformprojects.readonly","https://www.googleapis.com/auth/firebase","https://www.googleapis.com/auth/cloud-platform"]
[debug] [2022-09-29T21:15:45.031Z] > authorizing via signed-in user (vchoe89@gmail.com)
[info] 
     ######## #### ########  ######## ########     ###     ######  ########
     ##        ##  ##     ## ##       ##     ##  ##   ##  ##       ##
     ######    ##  ########  ######   ########  #########  ######  ######
     ##        ##  ##    ##  ##       ##     ## ##     ##       ## ##
     ##       #### ##     ## ######## ########  ##     ##  ######  ########

You're about to initialize a Firebase project in this directory:

  /Users/vchoe89/Documents/projects-2022/portfolio-2022

[info] 
=== Project Setup
[info] 
[info] First, let's associate this project directory with a Firebase project.
[info] You can create multiple project aliases by running firebase use --add, 
[info] but for now we'll just set up a default project.
[info] 
[debug] [2022-09-29T21:16:01.713Z] >>> [apiv2][query] GET https://firebase.googleapis.com/v1beta1/projects pageSize=100
[debug] [2022-09-29T21:16:02.213Z] <<< [apiv2][status] GET https://firebase.googleapis.com/v1beta1/projects 200
[debug] [2022-09-29T21:16:02.213Z] <<< [apiv2][body] GET https://firebase.googleapis.com/v1beta1/projects [omitted]
[info] i  Using project portfolio-55fb5 (portfolio) 
[info] 
=== Hosting Setup
[info] 
[info] Your public directory is the folder (relative to your project directory) that
[info] will contain Hosting assets to be uploaded with firebase deploy. If you
[info] have a build process for your assets, use your build's output directory.
[info] 
[info] i  Skipping write of public/404.html 
[debug] [2022-09-29T21:16:51.531Z] >>> [apiv2][query] GET https://www.gstatic.com/firebasejs/releases.json [none]
[debug] [2022-09-29T21:16:51.618Z] <<< [apiv2][status] GET https://www.gstatic.com/firebasejs/releases.json 200
[debug] [2022-09-29T21:16:51.618Z] <<< [apiv2][body] GET https://www.gstatic.com/firebasejs/releases.json {"current":{"version":"9.10.0","browserURL":"https://www.gstatic.com/firebasejs/9.10.0/firebase.js","packageURL":"https://www.gstatic.com/firebasejs/9.10.0/firebase.tgz"},"live":{"version":"9.10","browserURL":"https://www.gstatic.com/firebasejs/live/9.10/firebase.js","packageURL":"https://www.gstatic.com/firebasejs/live/9.10/firebase.tgz"},"components":{"analytics":"https://www.gstatic.com/firebasejs/9.10.0/firebase-analytics.js","app":"https://www.gstatic.com/firebasejs/9.10.0/firebase-app.js","app-check":"https://www.gstatic.com/firebasejs/9.10.0/firebase-app-check.js","auth":"https://www.gstatic.com/firebasejs/9.10.0/firebase-auth.js","auth/cordova":"https://www.gstatic.com/firebasejs/9.10.0/firebase-auth/cordova.js","auth/react-native":"https://www.gstatic.com/firebasejs/9.10.0/firebase-auth/react-native.js","functions":"https://www.gstatic.com/firebasejs/9.10.0/firebase-functions.js","firestore":"https://www.gstatic.com/firebasejs/9.10.0/firebase-firestore.js","firestore/lite":"https://www.gstatic.com/firebasejs/9.10.0/firebase-firestore/lite.js","installations":"https://www.gstatic.com/firebasejs/9.10.0/firebase-installations.js","storage":"https://www.gstatic.com/firebasejs/9.10.0/firebase-storage.js","performance":"https://www.gstatic.com/firebasejs/9.10.0/firebase-performance.js","remote-config":"https://www.gstatic.com/firebasejs/9.10.0/firebase-remote-config.js","messaging":"https://www.gstatic.com/firebasejs/9.10.0/firebase-messaging.js","messaging/sw":"https://www.gstatic.com/firebasejs/9.10.0/firebase-messaging/sw.js","database":"https://www.gstatic.com/firebasejs/9.10.0/firebase-database.js","firestore.memory":"https://www.gstatic.com/firebasejs/9.10.0/firebase-firestore.memory.js"}}
[info] i  Skipping write of public/index.html 
[info] 
[info] i  Detected a .git folder at /Users/vchoe89/Documents 
[info] i  Authorizing with GitHub to upload your service account to a GitHub repository's secrets store. 
[info] 
[info] Visit this URL on this device to log in:
[info] https://github.com/login/oauth/authorize?client_id=89cf50f02ac6aaed3484&state=1044104403&redirect_uri=http%3A%2F%2Flocalhost%3A9005&scope=read%3Auser%20repo%20public_repo
[info] 
[info] Waiting for authentication...
[debug] [2022-09-29T21:17:01.617Z] >>> [apiv2][query] POST https://github.com/login/oauth/access_token [none]
[debug] [2022-09-29T21:17:01.618Z] >>> [apiv2][body] POST https://github.com/login/oauth/access_token [stream]
[debug] [2022-09-29T21:17:01.790Z] <<< [apiv2][status] POST https://github.com/login/oauth/access_token 200
[debug] [2022-09-29T21:17:01.790Z] <<< [apiv2][body] POST https://github.com/login/oauth/access_token {"access_token":"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","token_type":"bearer","scope":"read:user,repo"}
[debug] [2022-09-29T21:17:01.796Z] >>> [apiv2][query] GET https://api.github.com/user [none]
[debug] [2022-09-29T21:17:02.011Z] <<< [apiv2][status] GET https://api.github.com/user 200
[debug] [2022-09-29T21:17:02.011Z] <<< [apiv2][body] GET https://api.github.com/user {"login":"vchoe89","id":49536153,"node_id":"MDQ6VXNlcjQ5NTM2MTUz","avatar_url":"https://avatars.githubusercontent.com/u/49536153?v=4","gravatar_id":"","url":"https://api.github.com/users/vchoe89","html_url":"https://github.com/vchoe89","followers_url":"https://api.github.com/users/vchoe89/followers","following_url":"https://api.github.com/users/vchoe89/following{/other_user}","gists_url":"https://api.github.com/users/vchoe89/gists{/gist_id}","starred_url":"https://api.github.com/users/vchoe89/starred{/owner}{/repo}","subscriptions_url":"https://api.github.com/users/vchoe89/subscriptions","organizations_url":"https://api.github.com/users/vchoe89/orgs","repos_url":"https://api.github.com/users/vchoe89/repos","events_url":"https://api.github.com/users/vchoe89/events{/privacy}","received_events_url":"https://api.github.com/users/vchoe89/received_events","type":"User","site_admin":false,"name":"Victor Choe","company":null,"blog":"","location":null,"email":null,"hireable":null,"bio":"Innovative software engineer with a passion for web application development and success in managing projects using React, JavaScript, and Ruby/Rails","twitter_username":null,"public_repos":244,"public_gists":0,"followers":4,"following":2,"created_at":"2019-04-11T20:11:33Z","updated_at":"2022-09-29T21:06:48Z","private_gists":1,"total_private_repos":7,"owned_private_repos":0,"disk_usage":30773,"collaborators":0,"two_factor_authentication":false,"plan":{"name":"free","space":976562499,"collaborators":0,"private_repos":10000}}
[info] 
[info] ✔  Success! Logged into GitHub as vchoe89 
[info] 
